<?xml version="1.0" encoding="UTF-8"?>
<testng-results ignored="0" total="2" passed="2" failed="0" skipped="0">
  <reporter-output>
  </reporter-output>
  <suite started-at="2024-09-09T15:01:12 IST" name="Default suite" finished-at="2024-09-09T15:01:18 IST" duration-ms="6040">
    <groups>
    </groups>
    <test started-at="2024-09-09T15:01:12 IST" name="Default test" finished-at="2024-09-09T15:01:18 IST" duration-ms="6040">
      <class name="SeleniumProject.DataProviderTest">
        <test-method is-config="true" signature="setUp()[pri:0, instance:SeleniumProject.DataProviderTest@38afe297]" started-at="2024-09-09T15:01:12 IST" name="setUp" finished-at="2024-09-09T15:01:15 IST" duration-ms="2636" status="PASS">
          <reporter-output>
          </reporter-output>
        </test-method> <!-- setUp -->
        <test-method signature="loginTest(java.lang.String,java.lang.String)[pri:0, instance:SeleniumProject.DataProviderTest@38afe297]" started-at="2024-09-09T15:01:15 IST" name="loginTest" data-provider="loginData" finished-at="2024-09-09T15:01:18 IST" duration-ms="2426" status="PASS">
          <params>
            <param index="0">
              <value>
                <![CDATA[standard_user]]>
              </value>
            </param>
            <param index="1">
              <value>
                <![CDATA[secret_sauce]]>
              </value>
            </param>
          </params>
          <reporter-output>
          </reporter-output>
        </test-method> <!-- loginTest -->
        <test-method signature="loginTest(java.lang.String,java.lang.String)[pri:0, instance:SeleniumProject.DataProviderTest@38afe297]" started-at="2024-09-09T15:01:18 IST" name="loginTest" data-provider="loginData" finished-at="2024-09-09T15:01:18 IST" duration-ms="611" status="PASS">
          <params>
            <param index="0">
              <value>
                <![CDATA[standard_user]]>
              </value>
            </param>
            <param index="1">
              <value>
                <![CDATA[secret_sauce]]>
              </value>
            </param>
          </params>
          <reporter-output>
          </reporter-output>
        </test-method> <!-- loginTest -->
        <test-method is-config="true" signature="tearDown()[pri:0, instance:SeleniumProject.DataProviderTest@38afe297]" started-at="2024-09-09T15:01:18 IST" name="tearDown" finished-at="2024-09-09T15:01:18 IST" duration-ms="280" status="PASS">
          <reporter-output>
          </reporter-output>
        </test-method> <!-- tearDown -->
      </class> <!-- SeleniumProject.DataProviderTest -->
    </test> <!-- Default test -->
  </suite> <!-- Default suite -->
</testng-results>
